<?xml version="1.0" encoding="UTF-8"?>
<!-- Generated by org.testng.reporters.JUnitReportReporter -->
<testsuite skipped="0" hostname="Santhan-pc" name="RestfulBookingAPIAutomation.RestfulBookingAPIAutomation.AppTest" tests="3" failures="0" timestamp="2020-08-28T09:40:55 IST" time="4.332" errors="0">
  <testcase name="createBooking" time="2.857" classname="RestfulBookingAPIAutomation.RestfulBookingAPIAutomation.AppTest"/>
  <testcase name="getBooking" time="0.701" classname="RestfulBookingAPIAutomation.RestfulBookingAPIAutomation.AppTest"/>
  <testcase name="getBookings" time="0.774" classname="RestfulBookingAPIAutomation.RestfulBookingAPIAutomation.AppTest"/>
</testsuite> <!-- RestfulBookingAPIAutomation.RestfulBookingAPIAutomation.AppTest -->
